    unrecognized tag "highway"="footway" found!
    unrecognized tag "bicycle:right"="optional_sidepath" found!
    unrecognized tag "highway"="footway" found!
    unrecognized value found for tag "cycleway:right"="lane"
    unrecognized tag "cycleway:right:lane"="advisory" found!
    unrecognized tag "cycleway:right:lane:bicycle"="yes" found!
    unrecognized tag "highway"="footway" found!
    unrecognized value found for tag "cycleway:right"="lane"
    unrecognized tag "cycleway:right:lane"="advisory" found!
    unrecognized tag "cycleway:right:lane:bicycle"="yes" found!
    unrecognized tag "highway"="footway" found!
    unrecognized value found for tag "cycleway:right"="lane"
    unrecognized tag "cycleway:right:lane"="exclusive" found!
    unrecognized tag "cycleway:right:lane:bicycle"="designated" found!
    unrecognized tag "highway"="footway" found!
    unrecognized tag "bicycle:right"="use_sidepath" found!
    unrecognized tag "highway"="path" found!
    unrecognized tag "bicycle:right"="optional_sidepath" found!
    unrecognized tag "highway"="path" found!
    unrecognized tag "bicycle:right"="use_sidepath" found!
    unrecognized tag "highway"="path" found!
    unrecognized tag "bicycle:right"="optional_sidepath" found!
    unrecognized tag "highway"="cycleway" found!
    unrecognized tag "highway"="footway" found!
    unrecognized tag "bicycle:right"="use_sidepath" found!
    unrecognized tag "highway"="cycleway" found!
    unrecognized tag "highway"="footway" found!
    unrecognized tag "bicycle:both"="use_sidepath" found!
    unrecognized tag "highway"="cycleway" found!
    unrecognized tag "highway"="footway" found!
    unrecognized tag "bicycle:both"="use_sidepath" found!
    unrecognized tag "highway"="path" found!
    unrecognized tag "bicycle:right"="optional_sidepath" found!
    unrecognized tag "highway"="cycleway" found!
    unrecognized tag "highway"="footway" found!
    unrecognized tag "bicycle:right"="use_sidepath" found!
    unrecognized tag "highway"="cycleway" found!
    unrecognized tag "highway"="footway" found!
    unrecognized tag "bicycle:both"="use_sidepath" found!
    unrecognized tag "highway"="cycleway" found!
    unrecognized tag "highway"="footway" found!
