    unrecognized tag "cycleway:right:lane"="advisory" found!
    unrecognized tag "cycleway:right:lane:bicycle"="designated" found!
    unrecognized tag "cycleway:right:lane:bicycle"="yes" found!
    unrecognized tag "cycleway:right:lane"="exclusive" found!
    unrecognized tag "cycleway:right:traffic_sign"="DE:237" found!
    unrecognized tag "maxspeed:bicycle"="walk" found!
    unrecognized value found for tag "bicycle"="designated"
    unrecognized value found for tag "bicycle:oneway"="no"
    unrecognized value found for tag "bicycle:oneway"="yes"
    unrecognized value found for tag "bicycle"="yes"
    unrecognized value found for tag "cycleway:right"="lane"
    unrecognized value found for tag "foot"="designated"
    unrecognized value found for tag "segregated"="no"
    unrecognized value found for tag "segregated"="yes"
    unrecognized value found for tag "traffic_sign"="DE:237"
    unrecognized value found for tag "traffic_sign"="DE:237;1000-31"
    unrecognized value found for tag "traffic_sign"="DE:239;1022-10"
    unrecognized value found for tag "traffic_sign"="DE:240"
    unrecognized value found for tag "traffic_sign"="DE:241;1000-31"
    unrecognized value found for tag "traffic_sign"="DE:241-30"
